[21:40:31:875] [INFO] - org.springframework.boot.StartupInfoLogger.logStarting(StartupInfoLogger.java:50) - Starting SpringBoot8ScheduledApplication on mesiedeMacBook-Air.local with PID 61198 (/Users/mesie/java/j2ee/spring-boot-tutorial/spring-boot-8-scheduled/target/classes started by mesie in /Users/mesie/java/j2ee/spring-boot-tutorial/spring-boot-8-scheduled)
[21:40:31:878] [INFO] - org.springframework.boot.SpringApplication.logStartupProfileInfo(SpringApplication.java:679) - The following profiles are active: dev
[21:40:33:430] [INFO] - org.apache.juli.logging.DirectJDKLog.log(DirectJDKLog.java:173) - Initializing ProtocolHandler ["http-nio-8080"]
[21:40:33:446] [INFO] - org.apache.juli.logging.DirectJDKLog.log(DirectJDKLog.java:173) - Starting service [Tomcat]
[21:40:33:447] [INFO] - org.apache.juli.logging.DirectJDKLog.log(DirectJDKLog.java:173) - Starting Servlet engine: [Apache Tomcat/9.0.17]
[21:40:33:597] [INFO] - org.apache.juli.logging.DirectJDKLog.log(DirectJDKLog.java:173) - Initializing Spring embedded WebApplicationContext
[21:40:34:166] [INFO] - org.apache.juli.logging.DirectJDKLog.log(DirectJDKLog.java:173) - Starting ProtocolHandler ["http-nio-8080"]
[21:40:34:229] [INFO] - org.springframework.boot.StartupInfoLogger.logStarted(StartupInfoLogger.java:59) - Started SpringBoot8ScheduledApplication in 3.052 seconds (JVM running for 4.13)
[22:01:55:007] [INFO] - org.springframework.boot.StartupInfoLogger.logStarting(StartupInfoLogger.java:50) - Starting SpringBoot8ScheduledApplication on mesiedeMacBook-Air.local with PID 92946 (/Users/mesie/java/j2ee/spring-boot-tutorial/spring-boot-8-scheduled/target/classes started by mesie in /Users/mesie/java/j2ee/spring-boot-tutorial/spring-boot-8-scheduled)
[22:01:55:009] [INFO] - org.springframework.boot.SpringApplication.logStartupProfileInfo(SpringApplication.java:679) - The following profiles are active: dev
[22:01:56:955] [INFO] - org.apache.juli.logging.DirectJDKLog.log(DirectJDKLog.java:173) - Initializing ProtocolHandler ["http-nio-8080"]
[22:01:56:971] [INFO] - org.apache.juli.logging.DirectJDKLog.log(DirectJDKLog.java:173) - Starting service [Tomcat]
[22:01:56:973] [INFO] - org.apache.juli.logging.DirectJDKLog.log(DirectJDKLog.java:173) - Starting Servlet engine: [Apache Tomcat/9.0.17]
[22:01:57:143] [INFO] - org.apache.juli.logging.DirectJDKLog.log(DirectJDKLog.java:173) - Initializing Spring embedded WebApplicationContext
[22:01:57:647] [INFO] - org.apache.juli.logging.DirectJDKLog.log(DirectJDKLog.java:173) - Starting ProtocolHandler ["http-nio-8080"]
[22:01:57:685] [INFO] - org.springframework.boot.StartupInfoLogger.logStarted(StartupInfoLogger.java:59) - Started SpringBoot8ScheduledApplication in 3.437 seconds (JVM running for 4.634)
[22:04:00:433] [INFO] - org.springframework.boot.StartupInfoLogger.logStarting(StartupInfoLogger.java:50) - Starting SpringBoot8ScheduledApplication on mesiedeMacBook-Air.local with PID 96036 (/Users/mesie/java/j2ee/spring-boot-tutorial/spring-boot-8-scheduled/target/classes started by mesie in /Users/mesie/java/j2ee/spring-boot-tutorial/spring-boot-8-scheduled)
[22:04:00:444] [INFO] - org.springframework.boot.SpringApplication.logStartupProfileInfo(SpringApplication.java:679) - The following profiles are active: dev
[22:04:01:839] [INFO] - org.apache.juli.logging.DirectJDKLog.log(DirectJDKLog.java:173) - Initializing ProtocolHandler ["http-nio-8080"]
[22:04:01:852] [INFO] - org.apache.juli.logging.DirectJDKLog.log(DirectJDKLog.java:173) - Starting service [Tomcat]
[22:04:01:854] [INFO] - org.apache.juli.logging.DirectJDKLog.log(DirectJDKLog.java:173) - Starting Servlet engine: [Apache Tomcat/9.0.17]
[22:04:01:965] [INFO] - org.apache.juli.logging.DirectJDKLog.log(DirectJDKLog.java:173) - Initializing Spring embedded WebApplicationContext
[22:04:02:480] [INFO] - org.apache.juli.logging.DirectJDKLog.log(DirectJDKLog.java:173) - Starting ProtocolHandler ["http-nio-8080"]
[22:04:02:528] [INFO] - org.springframework.boot.StartupInfoLogger.logStarted(StartupInfoLogger.java:59) - Started SpringBoot8ScheduledApplication in 2.707 seconds (JVM running for 4.133)
